-------------------------------------------------------------------------------
Test set: com.example.demo.ValidationWithDurgeshNewApplicationTests
-------------------------------------------------------------------------------
Tests run: 1, Failures: 0, Errors: 1, Skipped: 0, Time elapsed: 4.329 s <<< FAILURE! - in com.example.demo.ValidationWithDurgeshNewApplicationTests
contextLoads  Time elapsed: 0.016 s  <<< ERROR!
java.lang.IllegalStateException: Failed to load ApplicationContext
Caused by: org.springframework.beans.factory.UnsatisfiedDependencyException: Error creating bean with name 'userController': Unsatisfied dependency expressed through field 'userService'; nested exception is org.springframework.beans.factory.UnsatisfiedDependencyException: Error creating bean with name 'userServiceImpl': Unsatisfied dependency expressed through field 'userRepo'; nested exception is org.springframework.beans.factory.BeanCreationException: Error creating bean with name 'userRepo' defined in com.example.demo.repository.UserRepo defined in @EnableJpaRepositories declared on JpaRepositoriesRegistrar.EnableJpaRepositoriesConfiguration: Invocation of init method failed; nested exception is org.springframework.data.repository.query.QueryCreationException: Could not create query for public abstract java.util.List com.example.demo.repository.UserRepo.getAllUsers(); Reason: Failed to create query for method public abstract java.util.List com.example.demo.repository.UserRepo.getAllUsers()! No property 'getAllUsers' found for type 'User'; nested exception is java.lang.IllegalArgumentException: Failed to create query for method public abstract java.util.List com.example.demo.repository.UserRepo.getAllUsers()! No property 'getAllUsers' found for type 'User'
Caused by: org.springframework.beans.factory.UnsatisfiedDependencyException: Error creating bean with name 'userServiceImpl': Unsatisfied dependency expressed through field 'userRepo'; nested exception is org.springframework.beans.factory.BeanCreationException: Error creating bean with name 'userRepo' defined in com.example.demo.repository.UserRepo defined in @EnableJpaRepositories declared on JpaRepositoriesRegistrar.EnableJpaRepositoriesConfiguration: Invocation of init method failed; nested exception is org.springframework.data.repository.query.QueryCreationException: Could not create query for public abstract java.util.List com.example.demo.repository.UserRepo.getAllUsers(); Reason: Failed to create query for method public abstract java.util.List com.example.demo.repository.UserRepo.getAllUsers()! No property 'getAllUsers' found for type 'User'; nested exception is java.lang.IllegalArgumentException: Failed to create query for method public abstract java.util.List com.example.demo.repository.UserRepo.getAllUsers()! No property 'getAllUsers' found for type 'User'
Caused by: org.springframework.beans.factory.BeanCreationException: Error creating bean with name 'userRepo' defined in com.example.demo.repository.UserRepo defined in @EnableJpaRepositories declared on JpaRepositoriesRegistrar.EnableJpaRepositoriesConfiguration: Invocation of init method failed; nested exception is org.springframework.data.repository.query.QueryCreationException: Could not create query for public abstract java.util.List com.example.demo.repository.UserRepo.getAllUsers(); Reason: Failed to create query for method public abstract java.util.List com.example.demo.repository.UserRepo.getAllUsers()! No property 'getAllUsers' found for type 'User'; nested exception is java.lang.IllegalArgumentException: Failed to create query for method public abstract java.util.List com.example.demo.repository.UserRepo.getAllUsers()! No property 'getAllUsers' found for type 'User'
Caused by: org.springframework.data.repository.query.QueryCreationException: Could not create query for public abstract java.util.List com.example.demo.repository.UserRepo.getAllUsers(); Reason: Failed to create query for method public abstract java.util.List com.example.demo.repository.UserRepo.getAllUsers()! No property 'getAllUsers' found for type 'User'; nested exception is java.lang.IllegalArgumentException: Failed to create query for method public abstract java.util.List com.example.demo.repository.UserRepo.getAllUsers()! No property 'getAllUsers' found for type 'User'
Caused by: java.lang.IllegalArgumentException: Failed to create query for method public abstract java.util.List com.example.demo.repository.UserRepo.getAllUsers()! No property 'getAllUsers' found for type 'User'
Caused by: org.springframework.data.mapping.PropertyReferenceException: No property 'getAllUsers' found for type 'User'

